[debug] [2025-09-24T06:29:20.768Z] ----------------------------------------------------------------------
[debug] [2025-09-24T06:29:20.770Z] Command:       C:\Program Files\nodejs\node.exe C:\Users\User\AppData\Roaming\npm\node_modules\firebase-tools\lib\bin\firebase.js init functions
[debug] [2025-09-24T06:29:20.770Z] CLI Version:   14.16.0
[debug] [2025-09-24T06:29:20.771Z] Platform:      win32
[debug] [2025-09-24T06:29:20.771Z] Node Version:  v22.15.0
[debug] [2025-09-24T06:29:20.771Z] Time:          Wed Sep 24 2025 11:59:20 GMT+0530 (India Standard Time)
[debug] [2025-09-24T06:29:20.771Z] ----------------------------------------------------------------------
[debug] 
[debug] [2025-09-24T06:29:20.777Z] > command requires scopes: ["email","openid","https://www.googleapis.com/auth/cloudplatformprojects.readonly","https://www.googleapis.com/auth/firebase","https://www.googleapis.com/auth/cloud-platform"]
[debug] [2025-09-24T06:29:20.777Z] > authorizing via signed-in user (enurilasathmi14@gmail.com)
[info] 
     ######## #### ########  ######## ########     ###     ######  ########
     ##        ##  ##     ## ##       ##     ##  ##   ##  ##       ##
     ######    ##  ########  ######   ########  #########  ######  ######
     ##        ##  ##    ##  ##       ##     ## ##     ##       ## ##
     ##       #### ##     ## ######## ########  ##     ##  ######  ########

You're about to initialize a Firebase project in this directory:

  C:\Users\User\Downloads\Eco\eco

[info] 
=== Project Setup
[info] 
[info] First, let's associate this project directory with a Firebase project.
[info] You can create multiple project aliases by running firebase use --add, 
[info] but for now we'll just set up a default project.
[info] 
[debug] [2025-09-24T06:29:42.435Z] Checked if tokens are valid: true, expires at: 1758698518667
[debug] [2025-09-24T06:29:42.435Z] Checked if tokens are valid: true, expires at: 1758698518667
[debug] [2025-09-24T06:29:42.437Z] >>> [apiv2][query] GET https://firebase.googleapis.com/v1beta1/projects pageSize=100
[debug] [2025-09-24T06:29:43.427Z] <<< [apiv2][status] GET https://firebase.googleapis.com/v1beta1/projects 200
[debug] [2025-09-24T06:29:43.427Z] <<< [apiv2][body] GET https://firebase.googleapis.com/v1beta1/projects [omitted]
